This is pdfTeX, Version 3.14159265-2.6-1.40.18 (TeX Live 2017) (preloaded format=pdflatex 2017.5.23)  19 AUG 2017 01:48
entering extended mode
 restricted \write18 enabled.
 %&-line parsing enabled.
**extex.tex
(./extex.tex
LaTeX2e <2017-04-15>
Babel <3.10> and hyphenation patterns for 84 language(s) loaded.
(/usr/local/texlive/2017/texmf-dist/tex/latex/base/article.cls
Document Class: article 2014/09/29 v1.4h Standard LaTeX document class
(/usr/local/texlive/2017/texmf-dist/tex/latex/base/size11.clo
File: size11.clo 2014/09/29 v1.4h Standard LaTeX file (size option)
)
\c@part=\count79
\c@section=\count80
\c@subsection=\count81
\c@subsubsection=\count82
\c@paragraph=\count83
\c@subparagraph=\count84
\c@figure=\count85
\c@table=\count86
\abovecaptionskip=\skip41
\belowcaptionskip=\skip42
\bibindent=\dimen102
)
(/usr/local/texlive/2017/texmf-dist/tex/latex/preprint/fullpage.sty
Package: fullpage 1999/02/23 1.1 (PWD)
\FP@margin=\skip43
)
(/usr/local/texlive/2017/texmf-dist/tex/latex/listings/listings.sty
(/usr/local/texlive/2017/texmf-dist/tex/latex/graphics/keyval.sty
Package: keyval 2014/10/28 v1.15 key=value parser (DPC)
\KV@toks@=\toks14
)
\lst@mode=\count87
\lst@gtempboxa=\box26
\lst@token=\toks15
\lst@length=\count88
\lst@currlwidth=\dimen103
\lst@column=\count89
\lst@pos=\count90
\lst@lostspace=\dimen104
\lst@width=\dimen105
\lst@newlines=\count91
\lst@lineno=\count92
\lst@maxwidth=\dimen106

(/usr/local/texlive/2017/texmf-dist/tex/latex/listings/lstmisc.sty
File: lstmisc.sty 2015/06/04 1.6 (Carsten Heinz)
\c@lstnumber=\count93
\lst@skipnumbers=\count94
\lst@framebox=\box27
)
(/usr/local/texlive/2017/texmf-dist/tex/latex/listings/listings.cfg
File: listings.cfg 2015/06/04 1.6 listings configuration
))
Package: listings 2015/06/04 1.6 (Carsten Heinz)

(/usr/local/texlive/2017/texmf-dist/tex/latex/hyperref/hyperref.sty
Package: hyperref 2017/03/14 v6.85a Hypertext links for LaTeX

(/usr/local/texlive/2017/texmf-dist/tex/generic/oberdiek/hobsub-hyperref.sty
Package: hobsub-hyperref 2016/05/16 v1.14 Bundle oberdiek, subset hyperref (HO)


(/usr/local/texlive/2017/texmf-dist/tex/generic/oberdiek/hobsub-generic.sty
Package: hobsub-generic 2016/05/16 v1.14 Bundle oberdiek, subset generic (HO)
Package: hobsub 2016/05/16 v1.14 Construct package bundles (HO)
Package: infwarerr 2016/05/16 v1.4 Providing info/warning/error messages (HO)
Package: ltxcmds 2016/05/16 v1.23 LaTeX kernel commands for general use (HO)
Package: ifluatex 2016/05/16 v1.4 Provides the ifluatex switch (HO)
Package ifluatex Info: LuaTeX not detected.
Package: ifvtex 2016/05/16 v1.6 Detect VTeX and its facilities (HO)
Package ifvtex Info: VTeX not detected.
Package: intcalc 2016/05/16 v1.2 Expandable calculations with integers (HO)
Package: ifpdf 2017/03/15 v3.2 Provides the ifpdf switch
Package: etexcmds 2016/05/16 v1.6 Avoid name clashes with e-TeX commands (HO)
Package etexcmds Info: Could not find \expanded.
(etexcmds)             That can mean that you are not using pdfTeX 1.50 or
(etexcmds)             that some package has redefined \expanded.
(etexcmds)             In the latter case, load this package earlier.
Package: kvsetkeys 2016/05/16 v1.17 Key value parser (HO)
Package: kvdefinekeys 2016/05/16 v1.4 Define keys (HO)
Package: pdftexcmds 2017/03/19 v0.25 Utility functions of pdfTeX for LuaTeX (HO
)
Package pdftexcmds Info: LuaTeX not detected.
Package pdftexcmds Info: \pdf@primitive is available.
Package pdftexcmds Info: \pdf@ifprimitive is available.
Package pdftexcmds Info: \pdfdraftmode found.
Package: pdfescape 2016/05/16 v1.14 Implements pdfTeX's escape features (HO)
Package: bigintcalc 2016/05/16 v1.4 Expandable calculations on big integers (HO
)
Package: bitset 2016/05/16 v1.2 Handle bit-vector datatype (HO)
Package: uniquecounter 2016/05/16 v1.3 Provide unlimited unique counter (HO)
)
Package hobsub Info: Skipping package `hobsub' (already loaded).
Package: letltxmacro 2016/05/16 v1.5 Let assignment for LaTeX macros (HO)
Package: hopatch 2016/05/16 v1.3 Wrapper for package hooks (HO)
Package: xcolor-patch 2016/05/16 xcolor patch
Package: atveryend 2016/05/16 v1.9 Hooks at the very end of document (HO)
Package atveryend Info: \enddocument detected (standard20110627).
Package: atbegshi 2016/06/09 v1.18 At begin shipout hook (HO)
Package: refcount 2016/05/16 v3.5 Data extraction from label references (HO)
Package: hycolor 2016/05/16 v1.8 Color options for hyperref/bookmark (HO)
)
(/usr/local/texlive/2017/texmf-dist/tex/generic/ifxetex/ifxetex.sty
Package: ifxetex 2010/09/12 v0.6 Provides ifxetex conditional
)
(/usr/local/texlive/2017/texmf-dist/tex/latex/oberdiek/auxhook.sty
Package: auxhook 2016/05/16 v1.4 Hooks for auxiliary files (HO)
)
(/usr/local/texlive/2017/texmf-dist/tex/latex/oberdiek/kvoptions.sty
Package: kvoptions 2016/05/16 v3.12 Key value format for package options (HO)
)
\@linkdim=\dimen107
\Hy@linkcounter=\count95
\Hy@pagecounter=\count96

(/usr/local/texlive/2017/texmf-dist/tex/latex/hyperref/pd1enc.def
File: pd1enc.def 2017/03/14 v6.85a Hyperref: PDFDocEncoding definition (HO)
)
\Hy@SavedSpaceFactor=\count97

(/usr/local/texlive/2017/texmf-dist/tex/latex/latexconfig/hyperref.cfg
File: hyperref.cfg 2002/06/06 v1.2 hyperref configuration of TeXLive
)
Package hyperref Info: Hyper figures OFF on input line 4498.
Package hyperref Info: Link nesting OFF on input line 4503.
Package hyperref Info: Hyper index ON on input line 4506.
Package hyperref Info: Plain pages OFF on input line 4513.
Package hyperref Info: Backreferencing OFF on input line 4518.
Package hyperref Info: Implicit mode ON; LaTeX internals redefined.
Package hyperref Info: Bookmarks ON on input line 4751.
\c@Hy@tempcnt=\count98

(/usr/local/texlive/2017/texmf-dist/tex/latex/url/url.sty
\Urlmuskip=\muskip10
Package: url 2013/09/16  ver 3.4  Verb mode for urls, etc.
)
LaTeX Info: Redefining \url on input line 5104.
\XeTeXLinkMargin=\dimen108
\Fld@menulength=\count99
\Field@Width=\dimen109
\Fld@charsize=\dimen110
Package hyperref Info: Hyper figures OFF on input line 6358.
Package hyperref Info: Link nesting OFF on input line 6363.
Package hyperref Info: Hyper index ON on input line 6366.
Package hyperref Info: backreferencing OFF on input line 6373.
Package hyperref Info: Link coloring OFF on input line 6378.
Package hyperref Info: Link coloring with OCG OFF on input line 6383.
Package hyperref Info: PDF/A mode OFF on input line 6388.
LaTeX Info: Redefining \ref on input line 6428.
LaTeX Info: Redefining \pageref on input line 6432.
\Hy@abspage=\count100
\c@Item=\count101
\c@Hfootnote=\count102
)

Package hyperref Message: Driver (autodetected): hpdftex.

(/usr/local/texlive/2017/texmf-dist/tex/latex/hyperref/hpdftex.def
File: hpdftex.def 2017/03/14 v6.85a Hyperref driver for pdfTeX
\Fld@listcount=\count103
\c@bookmark@seq@number=\count104

(/usr/local/texlive/2017/texmf-dist/tex/latex/oberdiek/rerunfilecheck.sty
Package: rerunfilecheck 2016/05/16 v1.8 Rerun checks for auxiliary files (HO)
Package uniquecounter Info: New unique counter `rerunfilecheck' on input line 2
82.
)
\Hy@SectionHShift=\skip44
)
(/usr/local/texlive/2017/texmf-dist/tex/latex/graphics/graphicx.sty
Package: graphicx 2014/10/28 v1.0g Enhanced LaTeX Graphics (DPC,SPQR)

(/usr/local/texlive/2017/texmf-dist/tex/latex/graphics/graphics.sty
Package: graphics 2017/04/14 v1.1b Standard LaTeX Graphics (DPC,SPQR)

(/usr/local/texlive/2017/texmf-dist/tex/latex/graphics/trig.sty
Package: trig 2016/01/03 v1.10 sin cos tan (DPC)
)
(/usr/local/texlive/2017/texmf-dist/tex/latex/graphics-cfg/graphics.cfg
File: graphics.cfg 2016/06/04 v1.11 sample graphics configuration
)
Package graphics Info: Driver file: pdftex.def on input line 99.

(/usr/local/texlive/2017/texmf-dist/tex/latex/graphics-def/pdftex.def
File: pdftex.def 2017/01/12 v0.06k Graphics/color for pdfTeX
\Gread@gobject=\count105
))
\Gin@req@height=\dimen111
\Gin@req@width=\dimen112
)
(/usr/local/texlive/2017/texmf-dist/tex/latex/tools/enumerate.sty
Package: enumerate 2015/07/23 v3.00 enumerate extensions (DPC)
\@enLab=\toks16
) (./stata.sty
Package: stata 2013/10/23 v1.34 LaTeX package for Stata code
(/usr/local/texlive/2017/texmf-dist/tex/latex/base/alltt.sty
Package: alltt 1997/06/16 v2.0g defines alltt environment
)
(/usr/local/texlive/2017/texmf-dist/tex/latex/tools/calc.sty
Package: calc 2014/10/28 v4.3 Infix arithmetic (KKT,FJ)
\calc@Acount=\count106
\calc@Bcount=\count107
\calc@Adimen=\dimen113
\calc@Bdimen=\dimen114
\calc@Askip=\skip45
\calc@Bskip=\skip46
LaTeX Info: Redefining \setlength on input line 80.
LaTeX Info: Redefining \addtolength on input line 81.
\calc@Ccount=\count108
\calc@Cskip=\skip47
)
(/usr/local/texlive/2017/texmf-dist/tex/latex/base/ifthen.sty
Package: ifthen 2014/09/29 v1.1c Standard LaTeX ifthen package (DPC)
)
\st@box=\box28
\st@box@wd=\dimen115
\st@box@ht=\dimen116
\st@box@dp=\dimen117
\stsyndent=\skip48
\streswidth=\skip49
\st@parindent=\skip50
\stexamplehskip=\skip51
\sttechhskip=\skip52
\st@ttbox@box=\box29
\st@ttbox@framesep=\dimen118
\ttboxIndent=\dimen119
\ttboxWd=\dimen120
\st@ttbox@boxwd=\dimen121
\st@box=\box30
\st@emptywidth=\skip53
\st@linesize=\skip54
\st@maxdepth=\skip55
\st@maxheight=\skip56
\st@mbdepth=\skip57
\st@mtdepth=\skip58
\st@xheight=\skip59
\st@xwidth=\skip60
\st@N=\count109
) (./extex.aux)
\openout1 = `extex.aux'.

LaTeX Font Info:    Checking defaults for OML/cmm/m/it on input line 12.
LaTeX Font Info:    ... okay on input line 12.
LaTeX Font Info:    Checking defaults for T1/cmr/m/n on input line 12.
LaTeX Font Info:    ... okay on input line 12.
LaTeX Font Info:    Checking defaults for OT1/cmr/m/n on input line 12.
LaTeX Font Info:    ... okay on input line 12.
LaTeX Font Info:    Checking defaults for OMS/cmsy/m/n on input line 12.
LaTeX Font Info:    ... okay on input line 12.
LaTeX Font Info:    Checking defaults for OMX/cmex/m/n on input line 12.
LaTeX Font Info:    ... okay on input line 12.
LaTeX Font Info:    Checking defaults for U/cmr/m/n on input line 12.
LaTeX Font Info:    ... okay on input line 12.
LaTeX Font Info:    Checking defaults for PD1/pdf/m/n on input line 12.
LaTeX Font Info:    ... okay on input line 12.
\c@lstlisting=\count110
\AtBeginShipoutBox=\box31
Package hyperref Info: Link coloring OFF on input line 12.

(/usr/local/texlive/2017/texmf-dist/tex/latex/hyperref/nameref.sty
Package: nameref 2016/05/21 v2.44 Cross-referencing by name of section

(/usr/local/texlive/2017/texmf-dist/tex/generic/oberdiek/gettitlestring.sty
Package: gettitlestring 2016/05/16 v1.5 Cleanup title references (HO)
)
\c@section@level=\count111
)
LaTeX Info: Redefining \ref on input line 12.
LaTeX Info: Redefining \pageref on input line 12.
LaTeX Info: Redefining \nameref on input line 12.

(./extex.out) (./extex.out)
\@outlinefile=\write3
\openout3 = `extex.out'.


(/usr/local/texlive/2017/texmf-dist/tex/context/base/mkii/supp-pdf.mkii
[Loading MPS to PDF converter (version 2006.09.02).]
\scratchcounter=\count112
\scratchdimen=\dimen122
\scratchbox=\box32
\nofMPsegments=\count113
\nofMParguments=\count114
\everyMPshowfont=\toks17
\MPscratchCnt=\count115
\MPscratchDim=\dimen123
\MPnumerator=\count116
\makeMPintoPDFobject=\count117
\everyMPtoPDFconversion=\toks18
) (/usr/local/texlive/2017/texmf-dist/tex/latex/oberdiek/epstopdf-base.sty
Package: epstopdf-base 2016/05/15 v2.6 Base part for package epstopdf

(/usr/local/texlive/2017/texmf-dist/tex/latex/oberdiek/grfext.sty
Package: grfext 2016/05/16 v1.2 Manage graphics extensions (HO)
)
Package epstopdf-base Info: Redefining graphics rule for `.eps' on input line 4
38.
Package grfext Info: Graphics extension search list:
(grfext)             [.png,.pdf,.jpg,.mps,.jpeg,.jbig2,.jb2,.PNG,.PDF,.JPG,.JPE
G,.JBIG2,.JB2,.eps]
(grfext)             \AppendGraphicsExtensions on input line 456.

(/usr/local/texlive/2017/texmf-dist/tex/latex/latexconfig/epstopdf-sys.cfg
File: epstopdf-sys.cfg 2010/07/13 v1.3 Configuration of (r)epstopdf for TeX Liv
e
))
LaTeX Font Info:    External font `cmex10' loaded for size
(Font)              <12> on input line 14.
LaTeX Font Info:    External font `cmex10' loaded for size
(Font)              <8> on input line 14.
LaTeX Font Info:    External font `cmex10' loaded for size
(Font)              <6> on input line 14.

Overfull \hbox (6.01768pt too wide) in paragraph at lines 59--59
 []||||||||||||| [] |||||||||||||||||||||||||||||||||||   \OT1/cmtt/m/n/10.95 F
(1, 72)        =     20.26[] 
 []


Overfull \hbox (6.01768pt too wide) in paragraph at lines 64--64
 []||||||||||||| [] |||||||||||||||||||||||||||||||||||   \OT1/cmtt/m/n/10.95 A
dj R-squared   =    0.2087[] 
 []


Overfull \hbox (6.01768pt too wide) in paragraph at lines 68--68
 []||||||||||||| [] |||||||||||||||||||||||||||||||||||||||||||||||||||||||||||
||||||[] 
 []


Overfull \hbox (6.01768pt too wide) in paragraph at lines 71--71
 []||||||||||||| [] |||||||||||||||||||||||||||||||||||||||||||||||||||||||||||
||||||[] 
 []


Overfull \hbox (6.01768pt too wide) in paragraph at lines 76--76
 []||||||||||||| [] |||||||||||||||||||||||||||||||||||||||||||||||||||||||||||
||||||[] 
 []

[1

{/usr/local/texlive/2017/texmf-var/fonts/map/pdftex/updmap/pdftex.map}]
<graph.png, id=14, 632.3625pt x 459.7175pt>
File: graph.png Graphic file (type png)
 <use graph.png>
Package pdftex.def Info: graph.png used on input line 86.
(pdftex.def)             Requested size: 397.66681pt x 289.07999pt.
Package atveryend Info: Empty hook `BeforeClearDocument' on input line 97.
 [2 <./graph.png>]
Package atveryend Info: Empty hook `AfterLastShipout' on input line 97.

(./extex.aux)
Package atveryend Info: Executing hook `AtVeryEndDocument' on input line 97.
Package atveryend Info: Executing hook `AtEndAfterFileList' on input line 97.
Package rerunfilecheck Info: File `extex.out' has not changed.
(rerunfilecheck)             Checksum: D41D8CD98F00B204E9800998ECF8427E;0.
Package atveryend Info: Empty hook `AtVeryVeryEnd' on input line 97.
 ) 
Here is how much of TeX's memory you used:
 6645 strings out of 492995
 97153 string characters out of 6132704
 190865 words of memory out of 5000000
 10149 multiletter control sequences out of 15000+600000
 8458 words of font info for 29 fonts, out of 8000000 for 9000
 1141 hyphenation exceptions out of 8191
 28i,6n,32p,204b,884s stack positions out of 5000i,500n,10000p,200000b,80000s
</usr/local/texlive/2017/texmf-dist/fonts/type1/public/amsfonts/cm/cmbx10.pfb
></usr/local/texlive/2017/texmf-dist/fonts/type1/public/amsfonts/cm/cmr10.pfb><
/usr/local/texlive/2017/texmf-dist/fonts/type1/public/amsfonts/cm/cmr12.pfb></u
sr/local/texlive/2017/texmf-dist/fonts/type1/public/amsfonts/cm/cmr17.pfb></usr
/local/texlive/2017/texmf-dist/fonts/type1/public/amsfonts/cm/cmtt10.pfb>
Output written on extex.pdf (2 pages, 131368 bytes).
PDF statistics:
 43 PDF objects out of 1000 (max. 8388607)
 31 compressed objects within 1 object stream
 6 named destinations out of 1000 (max. 500000)
 6 words of extra memory for PDF output out of 10000 (max. 10000000)

